[2025-10-23 13:14:54] COCCION INICIO | Pedido #2022 | Tipo: Jamon | Objetivo: 280.0°C, 10.8 min
[2025-10-23 13:19:05] COCCION INICIO | Pedido #8220 | Tipo: Pepperoni | Objetivo: 280.0°C, 10.8 min
[2025-10-23 13:24:02] COCCION INICIO | Pedido #5075 | Tipo: Jamon | Objetivo: 280.0°C, 0.9 min
[2025-10-23 13:24:16] COCCION INICIO | Pedido #5075 | Tipo: Jamon | Objetivo: 280.0°C, 0.9 min
[2025-10-23 13:24:30] ALERTA_SENSOR | Pedido #5075 | Falla sensor temperatura (sin lectura)
[2025-10-23 13:24:49] ALERTA_SOBRECOCCION | Pedido #5075 | Temp 280.2°C (> 280.0°C)
[2025-10-23 13:24:52] ALERTA_SOBRECOCCION | Pedido #5075 | Temp 280.2°C (> 280.0°C)
[2025-10-23 13:24:52] ALERTA_SOBRECOCCION | Pedido #5075 | Temp 280.1°C (> 280.0°C)
[2025-10-23 13:24:58] COCCION FIN | {'pedido': 5075, 'tipo_pizza': 'Jamon', 'temp_objetivo': 280.0, 'tiempo_objetivo_min': 0.9, 'temp_final': 279.3, 'tiempo_real_min': 0.89, 'fallas': ['sensor_temp_sin_lectura']}
[2025-10-23 13:24:58] ALERTA_SOBRECOCCION | Pedido #5075 | Temp 280.2°C (> 280.0°C)
[2025-10-23 13:24:59] ALERTA_SOBRECOCCION | Pedido #5075 | Temp 280.5°C (> 280.0°C)
[2025-10-23 13:24:59] ALERTA_SOBRECOCCION | Pedido #5075 | Temp 280.2°C (> 280.0°C)
[2025-10-23 13:25:00] ALERTA_SOBRECOCCION | Pedido #5075 | Temp 280.3°C (> 280.0°C)
[2025-10-23 13:25:01] ALERTA_SOBRECOCCION | Pedido #5075 | Temp 280.2°C (> 280.0°C)
[2025-10-23 13:25:04] ALERTA_SOBRECOCCION | Pedido #5075 | Temp 280.4°C (> 280.0°C)
[2025-10-23 13:25:04] ALERTA_SOBRECOCCION | Pedido #5075 | Temp 280.4°C (> 280.0°C)
[2025-10-23 13:25:05] ALERTA_SOBRECOCCION | Pedido #5075 | Temp 280.2°C (> 280.0°C)
[2025-10-23 13:25:06] ALERTA_SOBRECOCCION | Pedido #5075 | Temp 280.4°C (> 280.0°C)
[2025-10-23 13:25:07] ALERTA_SOBRECOCCION | Pedido #5075 | Temp 280.8°C (> 280.0°C)
[2025-10-23 13:25:07] ALERTA_SOBRECOCCION | Pedido #5075 | Temp 281.2°C (> 280.0°C)
[2025-10-23 13:25:08] ALERTA_SOBRECOCCION | Pedido #5075 | Temp 281.5°C (> 280.0°C)
[2025-10-23 13:25:08] ALERTA_SOBRECOCCION | Pedido #5075 | Temp 280.9°C (> 280.0°C)
[2025-10-23 13:25:09] ALERTA_SOBRECOCCION | Pedido #5075 | Temp 281.4°C (> 280.0°C)
[2025-10-23 13:25:09] ALERTA_SOBRECOCCION | Pedido #5075 | Temp 280.8°C (> 280.0°C)
[2025-10-23 13:25:10] ALERTA_SOBRECOCCION | Pedido #5075 | Temp 280.3°C (> 280.0°C)
[2025-10-23 13:25:10] ALERTA_SOBRECOCCION | Pedido #5075 | Temp 280.4°C (> 280.0°C)
[2025-10-23 13:25:11] ALERTA_SOBRECOCCION | Pedido #5075 | Temp 280.7°C (> 280.0°C)
[2025-10-23 13:25:11] COCCION FIN | {'pedido': 5075, 'tipo_pizza': 'Jamon', 'temp_objetivo': 280.0, 'tiempo_objetivo_min': 0.9, 'temp_final': 280.7, 'tiempo_real_min': 0.89, 'fallas': []}
[2025-11-10 21:23:56] COCCION INICIO | Pedido #7540 | Tipo: Pepperoni | Objetivo: 280.0°C, 10.8 min
[2025-11-10 21:28:34] ALERTA_SENSOR | Pedido #7540 | Falla sensor temperatura (sin lectura)
[2025-11-10 21:29:42] ALERTA_SENSOR | Pedido #7540 | Falla sensor temperatura (sin lectura)
[2025-11-12 22:08:49] COCCION INICIO | Pedido #8828 | Tipo: Pepperoni | Objetivo: 280.0°C, 10.8 min
[2025-11-12 22:14:12] ALERTA_SENSOR | Pedido #8828 | Falla sensor temperatura (sin lectura)
[2025-11-12 22:16:43] ALERTA_SENSOR | Pedido #8828 | Falla sensor temperatura (sin lectura)
[2025-11-12 22:17:03] ALERTA_SENSOR | Pedido #8828 | Falla sensor temperatura (sin lectura)
[2025-11-12 22:18:44] COCCION INICIO | Pedido #1937 | Tipo: Hawaiana | Objetivo: 280.0°C, 10.8 min
[2025-11-12 22:18:49] COCCION INICIO | Pedido #1937 | Tipo: Hawaiana | Objetivo: 280.0°C, 10.8 min
[2025-11-12 22:18:59] COCCION INICIO | Pedido #1937 | Tipo: Hawaiana | Objetivo: 280.0°C, 10.8 min
[2025-11-12 22:20:22] ALERTA_SENSOR | Pedido #1937 | Falla sensor temperatura (sin lectura)
[2025-11-12 22:20:54] ALERTA_SENSOR | Pedido #1937 | Falla sensor temperatura (sin lectura)
[2025-11-12 22:21:14] ALERTA_SENSOR | Pedido #1937 | Falla sensor temperatura (sin lectura)
[2025-11-12 22:21:32] ALERTA_SENSOR | Pedido #1937 | Falla sensor temperatura (sin lectura)
[2025-11-12 22:21:40] ALERTA_SENSOR | Pedido #1937 | Falla sensor temperatura (sin lectura)
[2025-11-12 22:22:46] ALERTA_SENSOR | Pedido #1937 | Falla sensor temperatura (sin lectura)
[2025-11-13 08:55:23] COCCION INICIO | Pedido #9980 | Tipo: Hawaiana | Objetivo: 280.0°C, 10.8 min
[2025-11-13 08:55:34] COCCION INICIO | Pedido #9980 | Tipo: Hawaiana | Objetivo: 280.0°C, 10.8 min
[2025-11-13 09:01:40] ALERTA_SENSOR | Pedido #9980 | Falla sensor temperatura (sin lectura)
[2025-11-13 09:04:23] ALERTA_SENSOR | Pedido #9980 | Falla sensor temperatura (sin lectura)
[2025-11-13 09:06:23] COCCION FIN | {'pedido': 9980, 'tipo_pizza': 'Hawaiana', 'temp_objetivo': 280.0, 'tiempo_objetivo_min': 10.8, 'temp_final': 281.5, 'tiempo_real_min': 10.79, 'fallas': []}
[2025-11-13 09:06:36] COCCION FIN | {'pedido': 9980, 'tipo_pizza': 'Hawaiana', 'temp_objetivo': 280.0, 'tiempo_objetivo_min': 10.8, 'temp_final': 280.7, 'tiempo_real_min': 10.79, 'fallas': ['sensor_temp_sin_lectura', 'sensor_temp_sin_lectura']}
